<?xml version="1.0" encoding="UTF-8" ?>
<testsuite tests="5" failures="0" name="com.kishan.Project.AppTest" time="0.014" errors="0" skipped="0">
  <properties>
[...]
</properties>
  <testcase classname="com.kishan.Project.AppTest" name="isleap" time="0.012"/>
  <testcase classname="com.kishan.Project.AppTest" name="second" time="0.001"/>
  <testcase classname="com.kishan.Project.AppTest" name="first" time="0"/>
  <testcase classname="com.kishan.Project.AppTest" name="third" time="0"/>
  <testcase classname="com.kishan.Project.AppTest" name="isNotleap" time="0.001"/>
</testsuite>